info it worked if it ends with ok
verbose cli [ '/home/cloud9/c9/support/node-c9-builds/bin/node-sunos-v0.6.8-security',
verbose cli   '/mnt/ws/users/$tr/treadsafely/npm/bin/npm-cli.js',
verbose cli   'install',
verbose cli   'jasmine' ]
info using npm@1.0.106
info using node@v0.6.8
verbose config file /home/cloud9/.npmrc
verbose config file /home/cloud9/c9/support/node-c9-builds/etc/npmrc
verbose config file /mnt/ws/users/$tr/treadsafely/npm/npmrc
verbose into /mnt/ws/users/$tr/treadsafely/166669 [ 'jasmine' ]
verbose cache add jasmine
verbose cache add [ 'jasmine', null ]
silly cache add: name, spec, args [ undefined, 'jasmine', [ 'jasmine', null ] ]
verbose parsed url { pathname: 'jasmine', path: 'jasmine', href: 'jasmine' }
info addNamed [ 'jasmine', '' ]
verbose addNamed [ null, '' ]
verbose GET jasmine
verbose raw, before any munging jasmine
verbose url resolving [ 'https://registry.npmjs.org/', './jasmine' ]
verbose url resolved https://registry.npmjs.org/jasmine
silly get cb [ 404,
silly get cb   { server: 'CouchDB/1.2.0 (Erlang OTP/R15B)',
silly get cb     date: 'Sat, 07 Apr 2012 10:34:24 GMT',
silly get cb     'content-type': 'application/json',
silly get cb     'content-length': '52',
silly get cb     'cache-control': 'must-revalidate' } ]
ERR! 404 'jasmine' is not in the npm registry.
ERR! 404 You could maybe bug the author to publish it
ERR! 404 Note that you can also install from a tarball or folder.
ERR! 
ERR! System SunOS 5.11
ERR! command "/home/cloud9/c9/support/node-c9-builds/bin/node-sunos-v0.6.8-security" "/mnt/ws/users/$tr/treadsafely/npm/bin/npm-cli.js" "install" "jasmine"
ERR! cwd /mnt/ws/users/$tr/treadsafely/166669
ERR! node -v v0.6.8
ERR! npm -v 1.0.106
ERR! code E404
verbose exit [ 1, true ]
